# JRE version: OpenJDK Runtime Environment (8.0_152-b02) (build 1.8.0_152-release-1024-b02)
# Java VM: OpenJDK 64-Bit Server VM (25.152-b02 mixed mode windows-amd64 compressed oops)
Heap:
 PSYoungGen      total 166400K, used 14658K [0x00000000e0000000, 0x00000000eb800000, 0x0000000100000000)
  eden space 147968K, 3% used [0x00000000e0000000,0x00000000e049d8b0,0x00000000e9080000)
  from space 18432K, 53% used [0x00000000e9400000,0x00000000e9db3100,0x00000000ea600000)
  to   space 12800K, 0% used [0x00000000eab80000,0x00000000eab80000,0x00000000eb800000)
 ParOldGen       total 136192K, used 43086K [0x00000000a0000000, 0x00000000a8500000, 0x00000000e0000000)
  object space 136192K, 31% used [0x00000000a0000000,0x00000000a2a139a0,0x00000000a8500000)
 Metaspace       used 71263K, capacity 73996K, committed 74368K, reserved 1114112K
  class space    used 9448K, capacity 9987K, committed 10112K, reserved 1048576K
GC Heap History (10 events):
Event: 18.407 GC heap before
{Heap before GC invocations=16 (full 3):
 PSYoungGen      total 141824K, used 2270K [0x00000000e0000000, 0x00000000ebd00000, 0x0000000100000000)
  eden space 123904K, 0% used [0x00000000e0000000,0x00000000e0000000,0x00000000e7900000)
  from space 17920K, 12% used [0x00000000e7900000,0x00000000e7b37b58,0x00000000e8a80000)
  to   space 17920K, 0% used [0x00000000eab80000,0x00000000eab80000,0x00000000ebd00000)
 ParOldGen       total 87552K, used 36236K [0x00000000a0000000, 0x00000000a5580000, 0x00000000e0000000)
  object space 87552K, 41% used [0x00000000a0000000,0x00000000a2363388,0x00000000a5580000)
 Metaspace       used 57272K, capacity 58874K, committed 59008K, reserved 1099776K
  class space    used 7837K, capacity 8244K, committed 8320K, reserved 1048576K
Event: 18.713 GC heap after
Heap after GC invocations=16 (full 3):
 PSYoungGen      total 141824K, used 0K [0x00000000e0000000, 0x00000000ebd00000, 0x0000000100000000)
  eden space 123904K, 0% used [0x00000000e0000000,0x00000000e0000000,0x00000000e7900000)
  from space 17920K, 0% used [0x00000000e7900000,0x00000000e7900000,0x00000000e8a80000)
  to   space 17920K, 0% used [0x00000000eab80000,0x00000000eab80000,0x00000000ebd00000)
 ParOldGen       total 136192K, used 31351K [0x00000000a0000000, 0x00000000a8500000, 0x00000000e0000000)
  object space 136192K, 23% used [0x00000000a0000000,0x00000000a1e9dc30,0x00000000a8500000)
 Metaspace       used 57272K, capacity 58874K, committed 59008K, reserved 1099776K
  class space    used 7837K, capacity 8244K, committed 8320K, reserved 1048576K
}
Event: 25.272 GC heap before
{Heap before GC invocations=17 (full 3):
 PSYoungGen      total 141824K, used 122987K [0x00000000e0000000, 0x00000000ebd00000, 0x0000000100000000)
  eden space 123904K, 99% used [0x00000000e0000000,0x00000000e781ad30,0x00000000e7900000)
  from space 17920K, 0% used [0x00000000e7900000,0x00000000e7900000,0x00000000e8a80000)
  to   space 17920K, 0% used [0x00000000eab80000,0x00000000eab80000,0x00000000ebd00000)
 ParOldGen       total 136192K, used 31351K [0x00000000a0000000, 0x00000000a8500000, 0x00000000e0000000)
  object space 136192K, 23% used [0x00000000a0000000,0x00000000a1e9dc30,0x00000000a8500000)
 Metaspace       used 61384K, capacity 63270K, committed 63488K, reserved 1103872K
  class space    used 8252K, capacity 8696K, committed 8704K, reserved 1048576K
Event: 25.293 GC heap after
Heap after GC invocations=17 (full 3):
 PSYoungGen      total 160768K, used 12746K [0x00000000e0000000, 0x00000000eb800000, 0x0000000100000000)
  eden space 147968K, 0% used [0x00000000e0000000,0x00000000e0000000,0x00000000e9080000)
  from space 12800K, 99% used [0x00000000eab80000,0x00000000eb7f2ad0,0x00000000eb800000)
  to   space 18432K, 0% used [0x00000000e9400000,0x00000000e9400000,0x00000000ea600000)
 ParOldGen       total 136192K, used 31359K [0x00000000a0000000, 0x00000000a8500000, 0x00000000e0000000)
  object space 136192K, 23% used [0x00000000a0000000,0x00000000a1e9fc30,0x00000000a8500000)
 Metaspace       used 61384K, capacity 63270K, committed 63488K, reserved 1103872K
  class space    used 8252K, capacity 8696K, committed 8704K, reserved 1048576K
}
Event: 25.331 GC heap before
{Heap before GC invocations=18 (full 3):
 PSYoungGen      total 160768K, used 159693K [0x00000000e0000000, 0x00000000eb800000, 0x0000000100000000)
  eden space 147968K, 99% used [0x00000000e0000000,0x00000000e8f80d08,0x00000000e9080000)
  from space 12800K, 99% used [0x00000000eab80000,0x00000000eb7f2ad0,0x00000000eb800000)
  to   space 18432K, 0% used [0x00000000e9400000,0x00000000e9400000,0x00000000ea600000)
 ParOldGen       total 136192K, used 31359K [0x00000000a0000000, 0x00000000a8500000, 0x00000000e0000000)
  object space 136192K, 23% used [0x00000000a0000000,0x00000000a1e9fc30,0x00000000a8500000)
 Metaspace       used 61388K, capacity 63270K, committed 63488K, reserved 1103872K
  class space    used 8252K, capacity 8696K, committed 8704K, reserved 1048576K
Event: 25.342 GC heap after
Heap after GC invocations=18 (full 3):
 PSYoungGen      total 166400K, used 10722K [0x00000000e0000000, 0x00000000eb800000, 0x0000000100000000)
  eden space 147968K, 0% used [0x00000000e0000000,0x00000000e0000000,0x00000000e9080000)
  from space 18432K, 58% used [0x00000000e9400000,0x00000000e9e78ac0,0x00000000ea600000)
  to   space 12800K, 0% used [0x00000000eab80000,0x00000000eab80000,0x00000000eb800000)
 ParOldGen       total 136192K, used 31367K [0x00000000a0000000, 0x00000000a8500000, 0x00000000e0000000)
  object space 136192K, 23% used [0x00000000a0000000,0x00000000a1ea1c30,0x00000000a8500000)
 Metaspace       used 61388K, capacity 63270K, committed 63488K, reserved 1103872K
  class space    used 8252K, capacity 8696K, committed 8704K, reserved 1048576K
}
Event: 43.896 GC heap before
{Heap before GC invocations=19 (full 3):
 PSYoungGen      total 166400K, used 158690K [0x00000000e0000000, 0x00000000eb800000, 0x0000000100000000)
  eden space 147968K, 100% used [0x00000000e0000000,0x00000000e9080000,0x00000000e9080000)
  from space 18432K, 58% used [0x00000000e9400000,0x00000000e9e78ac0,0x00000000ea600000)
  to   space 12800K, 0% used [0x00000000eab80000,0x00000000eab80000,0x00000000eb800000)
 ParOldGen       total 136192K, used 31367K [0x00000000a0000000, 0x00000000a8500000, 0x00000000e0000000)
  object space 136192K, 23% used [0x00000000a0000000,0x00000000a1ea1c30,0x00000000a8500000)
 Metaspace       used 63383K, capacity 65548K, committed 65920K, reserved 1105920K
  class space    used 8495K, capacity 8961K, committed 9088K, reserved 1048576K
Event: 43.923 GC heap after
Heap after GC invocations=19 (full 3):
 PSYoungGen      total 160768K, used 3475K [0x00000000e0000000, 0x00000000eb800000, 0x0000000100000000)
  eden space 147968K, 0% used [0x00000000e0000000,0x00000000e0000000,0x00000000e9080000)
  from space 12800K, 27% used [0x00000000eab80000,0x00000000eaee4f80,0x00000000eb800000)
  to   space 18432K, 0% used [0x00000000e9400000,0x00000000e9400000,0x00000000ea600000)
 ParOldGen       total 136192K, used 41424K [0x00000000a0000000, 0x00000000a8500000, 0x00000000e0000000)
  object space 136192K, 30% used [0x00000000a0000000,0x00000000a28743c0,0x00000000a8500000)
 Metaspace       used 63383K, capacity 65548K, committed 65920K, reserved 1105920K
  class space    used 8495K, capacity 8961K, committed 9088K, reserved 1048576K
}
Event: 47.525 GC heap before
{Heap before GC invocations=20 (full 3):
 PSYoungGen      total 160768K, used 151252K [0x00000000e0000000, 0x00000000eb800000, 0x0000000100000000)
  eden space 147968K, 99% used [0x00000000e0000000,0x00000000e9050470,0x00000000e9080000)
  from space 12800K, 27% used [0x00000000eab80000,0x00000000eaee4f80,0x00000000eb800000)
  to   space 18432K, 0% used [0x00000000e9400000,0x00000000e9400000,0x00000000ea600000)
 ParOldGen       total 136192K, used 41424K [0x00000000a0000000, 0x00000000a8500000, 0x00000000e0000000)
  object space 136192K, 30% used [0x00000000a0000000,0x00000000a28743c0,0x00000000a8500000)
 Metaspace       used 71247K, capacity 73996K, committed 74368K, reserved 1114112K
  class space    used 9448K, capacity 9987K, committed 10112K, reserved 1048576K
Event: 47.542 GC heap after
Heap after GC invocations=20 (full 3):
 PSYoungGen      total 166400K, used 9932K [0x00000000e0000000, 0x00000000eb800000, 0x0000000100000000)
  eden space 147968K, 0% used [0x00000000e0000000,0x00000000e0000000,0x00000000e9080000)
  from space 18432K, 53% used [0x00000000e9400000,0x00000000e9db3100,0x00000000ea600000)
  to   space 12800K, 0% used [0x00000000eab80000,0x00000000eab80000,0x00000000eb800000)
 ParOldGen       total 136192K, used 43086K [0x00000000a0000000, 0x00000000a8500000, 0x00000000e0000000)
  object space 136192K, 31% used [0x00000000a0000000,0x00000000a2a139a0,0x00000000a8500000)
 Metaspace       used 71247K, capacity 73996K, committed 74368K, reserved 1114112K
  class space    used 9448K, capacity 9987K, committed 10112K, reserved 1048576K
}

