# JRE version: OpenJDK Runtime Environment (8.0_152-b02) (build 1.8.0_152-release-1024-b02)
# Java VM: OpenJDK 64-Bit Server VM (25.152-b02 mixed mode windows-amd64 compressed oops)
Heap:
 PSYoungGen      total 162816K, used 28618K [0x00000000e0000000, 0x00000000ed700000, 0x0000000100000000)
  eden space 147968K, 9% used [0x00000000e0000000,0x00000000e0d72e60,0x00000000e9080000)
  from space 14848K, 99% used [0x00000000e9080000,0x00000000e9effbe8,0x00000000e9f00000)
  to   space 19456K, 0% used [0x00000000ec400000,0x00000000ec400000,0x00000000ed700000)
 ParOldGen       total 99840K, used 27656K [0x00000000a0000000, 0x00000000a6180000, 0x00000000e0000000)
  object space 99840K, 27% used [0x00000000a0000000,0x00000000a1b02008,0x00000000a6180000)
 Metaspace       used 54552K, capacity 56252K, committed 56576K, reserved 1097728K
  class space    used 7458K, capacity 7859K, committed 7936K, reserved 1048576K
GC Heap History (10 events):
Event: 10.598 GC heap before
{Heap before GC invocations=7 (full 1):
 PSYoungGen      total 70656K, used 65536K [0x00000000e0000000, 0x00000000e9400000, 0x0000000100000000)
  eden space 65536K, 100% used [0x00000000e0000000,0x00000000e4000000,0x00000000e4000000)
  from space 5120K, 0% used [0x00000000e4000000,0x00000000e4000000,0x00000000e4500000)
  to   space 10240K, 0% used [0x00000000e8a00000,0x00000000e8a00000,0x00000000e9400000)
 ParOldGen       total 59904K, used 8156K [0x00000000a0000000, 0x00000000a3a80000, 0x00000000e0000000)
  object space 59904K, 13% used [0x00000000a0000000,0x00000000a07f70d0,0x00000000a3a80000)
 Metaspace       used 26588K, capacity 27126K, committed 27136K, reserved 1073152K
  class space    used 3660K, capacity 3831K, committed 3840K, reserved 1048576K
Event: 10.610 GC heap after
Heap after GC invocations=7 (full 1):
 PSYoungGen      total 108032K, used 7309K [0x00000000e0000000, 0x00000000e9180000, 0x0000000100000000)
  eden space 100352K, 0% used [0x00000000e0000000,0x00000000e0000000,0x00000000e6200000)
  from space 7680K, 95% used [0x00000000e8a00000,0x00000000e9123788,0x00000000e9180000)
  to   space 9728K, 0% used [0x00000000e7e80000,0x00000000e7e80000,0x00000000e8800000)
 ParOldGen       total 59904K, used 8164K [0x00000000a0000000, 0x00000000a3a80000, 0x00000000e0000000)
  object space 59904K, 13% used [0x00000000a0000000,0x00000000a07f90d0,0x00000000a3a80000)
 Metaspace       used 26588K, capacity 27126K, committed 27136K, reserved 1073152K
  class space    used 3660K, capacity 3831K, committed 3840K, reserved 1048576K
}
Event: 13.888 GC heap before
{Heap before GC invocations=8 (full 1):
 PSYoungGen      total 108032K, used 96066K [0x00000000e0000000, 0x00000000e9180000, 0x0000000100000000)
  eden space 100352K, 88% used [0x00000000e0000000,0x00000000e56ad3f0,0x00000000e6200000)
  from space 7680K, 95% used [0x00000000e8a00000,0x00000000e9123788,0x00000000e9180000)
  to   space 9728K, 0% used [0x00000000e7e80000,0x00000000e7e80000,0x00000000e8800000)
 ParOldGen       total 59904K, used 8164K [0x00000000a0000000, 0x00000000a3a80000, 0x00000000e0000000)
  object space 59904K, 13% used [0x00000000a0000000,0x00000000a07f90d0,0x00000000a3a80000)
 Metaspace       used 34754K, capacity 35336K, committed 35416K, reserved 1079296K
  class space    used 4785K, capacity 4976K, committed 4992K, reserved 1048576K
Event: 13.905 GC heap after
Heap after GC invocations=8 (full 1):
 PSYoungGen      total 139264K, used 9700K [0x00000000e0000000, 0x00000000eab80000, 0x0000000100000000)
  eden space 129536K, 0% used [0x00000000e0000000,0x00000000e0000000,0x00000000e7e80000)
  from space 9728K, 99% used [0x00000000e7e80000,0x00000000e87f93e0,0x00000000e8800000)
  to   space 12800K, 0% used [0x00000000e9f00000,0x00000000e9f00000,0x00000000eab80000)
 ParOldGen       total 59904K, used 11391K [0x00000000a0000000, 0x00000000a3a80000, 0x00000000e0000000)
  object space 59904K, 19% used [0x00000000a0000000,0x00000000a0b1fda0,0x00000000a3a80000)
 Metaspace       used 34754K, capacity 35336K, committed 35416K, reserved 1079296K
  class space    used 4785K, capacity 4976K, committed 4992K, reserved 1048576K
}
Event: 13.905 GC heap before
{Heap before GC invocations=9 (full 2):
 PSYoungGen      total 139264K, used 9700K [0x00000000e0000000, 0x00000000eab80000, 0x0000000100000000)
  eden space 129536K, 0% used [0x00000000e0000000,0x00000000e0000000,0x00000000e7e80000)
  from space 9728K, 99% used [0x00000000e7e80000,0x00000000e87f93e0,0x00000000e8800000)
  to   space 12800K, 0% used [0x00000000e9f00000,0x00000000e9f00000,0x00000000eab80000)
 ParOldGen       total 59904K, used 11391K [0x00000000a0000000, 0x00000000a3a80000, 0x00000000e0000000)
  object space 59904K, 19% used [0x00000000a0000000,0x00000000a0b1fda0,0x00000000a3a80000)
 Metaspace       used 34754K, capacity 35336K, committed 35416K, reserved 1079296K
  class space    used 4785K, capacity 4976K, committed 4992K, reserved 1048576K
Event: 14.010 GC heap after
Heap after GC invocations=9 (full 2):
 PSYoungGen      total 139264K, used 0K [0x00000000e0000000, 0x00000000eab80000, 0x0000000100000000)
  eden space 129536K, 0% used [0x00000000e0000000,0x00000000e0000000,0x00000000e7e80000)
  from space 9728K, 0% used [0x00000000e7e80000,0x00000000e7e80000,0x00000000e8800000)
  to   space 12800K, 0% used [0x00000000e9f00000,0x00000000e9f00000,0x00000000eab80000)
 ParOldGen       total 99840K, used 19339K [0x00000000a0000000, 0x00000000a6180000, 0x00000000e0000000)
  object space 99840K, 19% used [0x00000000a0000000,0x00000000a12e2ce0,0x00000000a6180000)
 Metaspace       used 34754K, capacity 35336K, committed 35416K, reserved 1079296K
  class space    used 4785K, capacity 4976K, committed 4992K, reserved 1048576K
}
Event: 18.537 GC heap before
{Heap before GC invocations=10 (full 2):
 PSYoungGen      total 139264K, used 129536K [0x00000000e0000000, 0x00000000eab80000, 0x0000000100000000)
  eden space 129536K, 100% used [0x00000000e0000000,0x00000000e7e80000,0x00000000e7e80000)
  from space 9728K, 0% used [0x00000000e7e80000,0x00000000e7e80000,0x00000000e8800000)
  to   space 12800K, 0% used [0x00000000e9f00000,0x00000000e9f00000,0x00000000eab80000)
 ParOldGen       total 99840K, used 19339K [0x00000000a0000000, 0x00000000a6180000, 0x00000000e0000000)
  object space 99840K, 19% used [0x00000000a0000000,0x00000000a12e2ce0,0x00000000a6180000)
 Metaspace       used 43126K, capacity 44084K, committed 44160K, reserved 1087488K
  class space    used 5944K, capacity 6217K, committed 6272K, reserved 1048576K
Event: 18.585 GC heap after
Heap after GC invocations=10 (full 2):
 PSYoungGen      total 160768K, used 12785K [0x00000000e0000000, 0x00000000ece80000, 0x0000000100000000)
  eden space 147968K, 0% used [0x00000000e0000000,0x00000000e0000000,0x00000000e9080000)
  from space 12800K, 99% used [0x00000000e9f00000,0x00000000eab7c540,0x00000000eab80000)
  to   space 14848K, 0% used [0x00000000e9080000,0x00000000e9080000,0x00000000e9f00000)
 ParOldGen       total 99840K, used 20679K [0x00000000a0000000, 0x00000000a6180000, 0x00000000e0000000)
  object space 99840K, 20% used [0x00000000a0000000,0x00000000a1431c18,0x00000000a6180000)
 Metaspace       used 43126K, capacity 44084K, committed 44160K, reserved 1087488K
  class space    used 5944K, capacity 6217K, committed 6272K, reserved 1048576K
}
Event: 25.116 GC heap before
{Heap before GC invocations=11 (full 2):
 PSYoungGen      total 160768K, used 160753K [0x00000000e0000000, 0x00000000ece80000, 0x0000000100000000)
  eden space 147968K, 100% used [0x00000000e0000000,0x00000000e9080000,0x00000000e9080000)
  from space 12800K, 99% used [0x00000000e9f00000,0x00000000eab7c540,0x00000000eab80000)
  to   space 14848K, 0% used [0x00000000e9080000,0x00000000e9080000,0x00000000e9f00000)
 ParOldGen       total 99840K, used 20679K [0x00000000a0000000, 0x00000000a6180000, 0x00000000e0000000)
  object space 99840K, 20% used [0x00000000a0000000,0x00000000a1431c18,0x00000000a6180000)
 Metaspace       used 53838K, capacity 55534K, committed 55680K, reserved 1097728K
  class space    used 7383K, capacity 7792K, committed 7808K, reserved 1048576K
Event: 25.155 GC heap after
Heap after GC invocations=11 (full 2):
 PSYoungGen      total 162816K, used 14846K [0x00000000e0000000, 0x00000000ed700000, 0x0000000100000000)
  eden space 147968K, 0% used [0x00000000e0000000,0x00000000e0000000,0x00000000e9080000)
  from space 14848K, 99% used [0x00000000e9080000,0x00000000e9effbe8,0x00000000e9f00000)
  to   space 19456K, 0% used [0x00000000ec400000,0x00000000ec400000,0x00000000ed700000)
 ParOldGen       total 99840K, used 27656K [0x00000000a0000000, 0x00000000a6180000, 0x00000000e0000000)
  object space 99840K, 27% used [0x00000000a0000000,0x00000000a1b02008,0x00000000a6180000)
 Metaspace       used 53838K, capacity 55534K, committed 55680K, reserved 1097728K
  class space    used 7383K, capacity 7792K, committed 7808K, reserved 1048576K
}

