# JRE version: OpenJDK Runtime Environment (8.0_152-b02) (build 1.8.0_152-release-1024-b02)
# Java VM: OpenJDK 64-Bit Server VM (25.152-b02 mixed mode windows-amd64 compressed oops)
Heap:
 PSYoungGen      total 167424K, used 29282K [0x00000000e0000000, 0x00000000edc00000, 0x0000000100000000)
  eden space 152576K, 9% used [0x00000000e0000000,0x00000000e0e18c78,0x00000000e9500000)
  from space 14848K, 99% used [0x00000000e9500000,0x00000000ea37fbf8,0x00000000ea380000)
  to   space 20480K, 0% used [0x00000000ec800000,0x00000000ec800000,0x00000000edc00000)
 ParOldGen       total 99328K, used 30340K [0x00000000a0000000, 0x00000000a6100000, 0x00000000e0000000)
  object space 99328K, 30% used [0x00000000a0000000,0x00000000a1da1148,0x00000000a6100000)
 Metaspace       used 54592K, capacity 56300K, committed 56576K, reserved 1097728K
  class space    used 7470K, capacity 7853K, committed 7936K, reserved 1048576K
GC Heap History (10 events):
Event: 9.448 GC heap before
{Heap before GC invocations=7 (full 1):
 PSYoungGen      total 70656K, used 65536K [0x00000000e0000000, 0x00000000e9400000, 0x0000000100000000)
  eden space 65536K, 100% used [0x00000000e0000000,0x00000000e4000000,0x00000000e4000000)
  from space 5120K, 0% used [0x00000000e4000000,0x00000000e4000000,0x00000000e4500000)
  to   space 10240K, 0% used [0x00000000e8a00000,0x00000000e8a00000,0x00000000e9400000)
 ParOldGen       total 59392K, used 8160K [0x00000000a0000000, 0x00000000a3a00000, 0x00000000e0000000)
  object space 59392K, 13% used [0x00000000a0000000,0x00000000a07f8100,0x00000000a3a00000)
 Metaspace       used 26586K, capacity 27126K, committed 27136K, reserved 1073152K
  class space    used 3660K, capacity 3831K, committed 3840K, reserved 1048576K
Event: 9.463 GC heap after
Heap after GC invocations=7 (full 1):
 PSYoungGen      total 109056K, used 7282K [0x00000000e0000000, 0x00000000e9180000, 0x0000000100000000)
  eden space 101376K, 0% used [0x00000000e0000000,0x00000000e0000000,0x00000000e6300000)
  from space 7680K, 94% used [0x00000000e8a00000,0x00000000e911c9f0,0x00000000e9180000)
  to   space 9728K, 0% used [0x00000000e7e80000,0x00000000e7e80000,0x00000000e8800000)
 ParOldGen       total 59392K, used 8168K [0x00000000a0000000, 0x00000000a3a00000, 0x00000000e0000000)
  object space 59392K, 13% used [0x00000000a0000000,0x00000000a07fa100,0x00000000a3a00000)
 Metaspace       used 26586K, capacity 27126K, committed 27136K, reserved 1073152K
  class space    used 3660K, capacity 3831K, committed 3840K, reserved 1048576K
}
Event: 11.852 GC heap before
{Heap before GC invocations=8 (full 1):
 PSYoungGen      total 109056K, used 95871K [0x00000000e0000000, 0x00000000e9180000, 0x0000000100000000)
  eden space 101376K, 87% used [0x00000000e0000000,0x00000000e5683518,0x00000000e6300000)
  from space 7680K, 94% used [0x00000000e8a00000,0x00000000e911c9f0,0x00000000e9180000)
  to   space 9728K, 0% used [0x00000000e7e80000,0x00000000e7e80000,0x00000000e8800000)
 ParOldGen       total 59392K, used 8168K [0x00000000a0000000, 0x00000000a3a00000, 0x00000000e0000000)
  object space 59392K, 13% used [0x00000000a0000000,0x00000000a07fa100,0x00000000a3a00000)
 Metaspace       used 34720K, capacity 35336K, committed 35416K, reserved 1079296K
  class space    used 4785K, capacity 4976K, committed 4992K, reserved 1048576K
Event: 11.877 GC heap after
Heap after GC invocations=8 (full 1):
 PSYoungGen      total 139264K, used 9720K [0x00000000e0000000, 0x00000000eb000000, 0x0000000100000000)
  eden space 129536K, 0% used [0x00000000e0000000,0x00000000e0000000,0x00000000e7e80000)
  from space 9728K, 99% used [0x00000000e7e80000,0x00000000e87fe300,0x00000000e8800000)
  to   space 12800K, 0% used [0x00000000ea380000,0x00000000ea380000,0x00000000eb000000)
 ParOldGen       total 59392K, used 11358K [0x00000000a0000000, 0x00000000a3a00000, 0x00000000e0000000)
  object space 59392K, 19% used [0x00000000a0000000,0x00000000a0b178d8,0x00000000a3a00000)
 Metaspace       used 34720K, capacity 35336K, committed 35416K, reserved 1079296K
  class space    used 4785K, capacity 4976K, committed 4992K, reserved 1048576K
}
Event: 11.877 GC heap before
{Heap before GC invocations=9 (full 2):
 PSYoungGen      total 139264K, used 9720K [0x00000000e0000000, 0x00000000eb000000, 0x0000000100000000)
  eden space 129536K, 0% used [0x00000000e0000000,0x00000000e0000000,0x00000000e7e80000)
  from space 9728K, 99% used [0x00000000e7e80000,0x00000000e87fe300,0x00000000e8800000)
  to   space 12800K, 0% used [0x00000000ea380000,0x00000000ea380000,0x00000000eb000000)
 ParOldGen       total 59392K, used 11358K [0x00000000a0000000, 0x00000000a3a00000, 0x00000000e0000000)
  object space 59392K, 19% used [0x00000000a0000000,0x00000000a0b178d8,0x00000000a3a00000)
 Metaspace       used 34720K, capacity 35336K, committed 35416K, reserved 1079296K
  class space    used 4785K, capacity 4976K, committed 4992K, reserved 1048576K
Event: 12.027 GC heap after
Heap after GC invocations=9 (full 2):
 PSYoungGen      total 139264K, used 0K [0x00000000e0000000, 0x00000000eb000000, 0x0000000100000000)
  eden space 129536K, 0% used [0x00000000e0000000,0x00000000e0000000,0x00000000e7e80000)
  from space 9728K, 0% used [0x00000000e7e80000,0x00000000e7e80000,0x00000000e8800000)
  to   space 12800K, 0% used [0x00000000ea380000,0x00000000ea380000,0x00000000eb000000)
 ParOldGen       total 99328K, used 19333K [0x00000000a0000000, 0x00000000a6100000, 0x00000000e0000000)
  object space 99328K, 19% used [0x00000000a0000000,0x00000000a12e1530,0x00000000a6100000)
 Metaspace       used 34720K, capacity 35336K, committed 35416K, reserved 1079296K
  class space    used 4785K, capacity 4976K, committed 4992K, reserved 1048576K
}
Event: 16.243 GC heap before
{Heap before GC invocations=10 (full 2):
 PSYoungGen      total 139264K, used 129536K [0x00000000e0000000, 0x00000000eb000000, 0x0000000100000000)
  eden space 129536K, 100% used [0x00000000e0000000,0x00000000e7e80000,0x00000000e7e80000)
  from space 9728K, 0% used [0x00000000e7e80000,0x00000000e7e80000,0x00000000e8800000)
  to   space 12800K, 0% used [0x00000000ea380000,0x00000000ea380000,0x00000000eb000000)
 ParOldGen       total 99328K, used 19333K [0x00000000a0000000, 0x00000000a6100000, 0x00000000e0000000)
  object space 99328K, 19% used [0x00000000a0000000,0x00000000a12e1530,0x00000000a6100000)
 Metaspace       used 43094K, capacity 44082K, committed 44160K, reserved 1087488K
  class space    used 5948K, capacity 6214K, committed 6272K, reserved 1048576K
Event: 16.277 GC heap after
Heap after GC invocations=10 (full 2):
 PSYoungGen      total 165376K, used 12768K [0x00000000e0000000, 0x00000000eca80000, 0x0000000100000000)
  eden space 152576K, 0% used [0x00000000e0000000,0x00000000e0000000,0x00000000e9500000)
  from space 12800K, 99% used [0x00000000ea380000,0x00000000eaff83e8,0x00000000eb000000)
  to   space 14848K, 0% used [0x00000000e9500000,0x00000000e9500000,0x00000000ea380000)
 ParOldGen       total 99328K, used 20661K [0x00000000a0000000, 0x00000000a6100000, 0x00000000e0000000)
  object space 99328K, 20% used [0x00000000a0000000,0x00000000a142d648,0x00000000a6100000)
 Metaspace       used 43094K, capacity 44082K, committed 44160K, reserved 1087488K
  class space    used 5948K, capacity 6214K, committed 6272K, reserved 1048576K
}
Event: 22.732 GC heap before
{Heap before GC invocations=11 (full 2):
 PSYoungGen      total 165376K, used 165344K [0x00000000e0000000, 0x00000000eca80000, 0x0000000100000000)
  eden space 152576K, 100% used [0x00000000e0000000,0x00000000e9500000,0x00000000e9500000)
  from space 12800K, 99% used [0x00000000ea380000,0x00000000eaff83e8,0x00000000eb000000)
  to   space 14848K, 0% used [0x00000000e9500000,0x00000000e9500000,0x00000000ea380000)
 ParOldGen       total 99328K, used 20661K [0x00000000a0000000, 0x00000000a6100000, 0x00000000e0000000)
  object space 99328K, 20% used [0x00000000a0000000,0x00000000a142d648,0x00000000a6100000)
 Metaspace       used 53971K, capacity 55756K, committed 56064K, reserved 1097728K
  class space    used 7402K, capacity 7821K, committed 7936K, reserved 1048576K
Event: 22.786 GC heap after
Heap after GC invocations=11 (full 2):
 PSYoungGen      total 167424K, used 14846K [0x00000000e0000000, 0x00000000edc00000, 0x0000000100000000)
  eden space 152576K, 0% used [0x00000000e0000000,0x00000000e0000000,0x00000000e9500000)
  from space 14848K, 99% used [0x00000000e9500000,0x00000000ea37fbf8,0x00000000ea380000)
  to   space 20480K, 0% used [0x00000000ec800000,0x00000000ec800000,0x00000000edc00000)
 ParOldGen       total 99328K, used 30340K [0x00000000a0000000, 0x00000000a6100000, 0x00000000e0000000)
  object space 99328K, 30% used [0x00000000a0000000,0x00000000a1da1148,0x00000000a6100000)
 Metaspace       used 53971K, capacity 55756K, committed 56064K, reserved 1097728K
  class space    used 7402K, capacity 7821K, committed 7936K, reserved 1048576K
}

