# JRE version: OpenJDK Runtime Environment (8.0_152-b02) (build 1.8.0_152-release-1024-b02)
# Java VM: OpenJDK 64-Bit Server VM (25.152-b02 mixed mode windows-amd64 compressed oops)
Heap:
 PSYoungGen      total 120832K, used 41041K [0x00000000e0000000, 0x00000000ea300000, 0x0000000100000000)
  eden space 104448K, 39% used [0x00000000e0000000,0x00000000e2814628,0x00000000e6600000)
  from space 16384K, 0% used [0x00000000e6600000,0x00000000e6600000,0x00000000e7600000)
  to   space 18944K, 0% used [0x00000000e9080000,0x00000000e9080000,0x00000000ea300000)
 ParOldGen       total 143872K, used 31570K [0x00000000a0000000, 0x00000000a8c80000, 0x00000000e0000000)
  object space 143872K, 21% used [0x00000000a0000000,0x00000000a1ed4948,0x00000000a8c80000)
 Metaspace       used 58743K, capacity 60410K, committed 60672K, reserved 1101824K
  class space    used 7936K, capacity 8372K, committed 8448K, reserved 1048576K
GC Heap History (10 events):
Event: 13.505 GC heap before
{Heap before GC invocations=12 (full 2):
 PSYoungGen      total 78848K, used 68096K [0x00000000e0000000, 0x00000000e6c80000, 0x0000000100000000)
  eden space 68096K, 100% used [0x00000000e0000000,0x00000000e4280000,0x00000000e4280000)
  from space 10752K, 0% used [0x00000000e4280000,0x00000000e4280000,0x00000000e4d00000)
  to   space 11264K, 0% used [0x00000000e6180000,0x00000000e6180000,0x00000000e6c80000)
 ParOldGen       total 96256K, used 15164K [0x00000000a0000000, 0x00000000a5e00000, 0x00000000e0000000)
  object space 96256K, 15% used [0x00000000a0000000,0x00000000a0ecf130,0x00000000a5e00000)
 Metaspace       used 38226K, capacity 38934K, committed 39040K, reserved 1083392K
  class space    used 5225K, capacity 5469K, committed 5504K, reserved 1048576K
Event: 13.517 GC heap after
Heap after GC invocations=12 (full 2):
 PSYoungGen      total 93696K, used 6677K [0x00000000e0000000, 0x00000000e6900000, 0x0000000100000000)
  eden space 86016K, 0% used [0x00000000e0000000,0x00000000e0000000,0x00000000e5400000)
  from space 7680K, 86% used [0x00000000e6180000,0x00000000e6805590,0x00000000e6900000)
  to   space 10752K, 0% used [0x00000000e5400000,0x00000000e5400000,0x00000000e5e80000)
 ParOldGen       total 96256K, used 15172K [0x00000000a0000000, 0x00000000a5e00000, 0x00000000e0000000)
  object space 96256K, 15% used [0x00000000a0000000,0x00000000a0ed1130,0x00000000a5e00000)
 Metaspace       used 38226K, capacity 38934K, committed 39040K, reserved 1083392K
  class space    used 5225K, capacity 5469K, committed 5504K, reserved 1048576K
}
Event: 15.814 GC heap before
{Heap before GC invocations=13 (full 2):
 PSYoungGen      total 93696K, used 92693K [0x00000000e0000000, 0x00000000e6900000, 0x0000000100000000)
  eden space 86016K, 100% used [0x00000000e0000000,0x00000000e5400000,0x00000000e5400000)
  from space 7680K, 86% used [0x00000000e6180000,0x00000000e6805590,0x00000000e6900000)
  to   space 10752K, 0% used [0x00000000e5400000,0x00000000e5400000,0x00000000e5e80000)
 ParOldGen       total 96256K, used 15172K [0x00000000a0000000, 0x00000000a5e00000, 0x00000000e0000000)
  object space 96256K, 15% used [0x00000000a0000000,0x00000000a0ed1130,0x00000000a5e00000)
 Metaspace       used 46251K, capacity 47306K, committed 47360K, reserved 1089536K
  class space    used 6290K, capacity 6614K, committed 6656K, reserved 1048576K
Event: 15.838 GC heap after
Heap after GC invocations=13 (full 2):
 PSYoungGen      total 96768K, used 10751K [0x00000000e0000000, 0x00000000e8300000, 0x0000000100000000)
  eden space 86016K, 0% used [0x00000000e0000000,0x00000000e0000000,0x00000000e5400000)
  from space 10752K, 99% used [0x00000000e5400000,0x00000000e5e7ffd8,0x00000000e5e80000)
  to   space 13312K, 0% used [0x00000000e7600000,0x00000000e7600000,0x00000000e8300000)
 ParOldGen       total 96256K, used 18258K [0x00000000a0000000, 0x00000000a5e00000, 0x00000000e0000000)
  object space 96256K, 18% used [0x00000000a0000000,0x00000000a11d4a30,0x00000000a5e00000)
 Metaspace       used 46251K, capacity 47306K, committed 47360K, reserved 1089536K
  class space    used 6290K, capacity 6614K, committed 6656K, reserved 1048576K
}
Event: 20.441 GC heap before
{Heap before GC invocations=14 (full 2):
 PSYoungGen      total 96768K, used 96767K [0x00000000e0000000, 0x00000000e8300000, 0x0000000100000000)
  eden space 86016K, 100% used [0x00000000e0000000,0x00000000e5400000,0x00000000e5400000)
  from space 10752K, 99% used [0x00000000e5400000,0x00000000e5e7ffd8,0x00000000e5e80000)
  to   space 13312K, 0% used [0x00000000e7600000,0x00000000e7600000,0x00000000e8300000)
 ParOldGen       total 96256K, used 18258K [0x00000000a0000000, 0x00000000a5e00000, 0x00000000e0000000)
  object space 96256K, 18% used [0x00000000a0000000,0x00000000a11d4a30,0x00000000a5e00000)
 Metaspace       used 52539K, capacity 54200K, committed 54272K, reserved 1095680K
  class space    used 7233K, capacity 7649K, committed 7680K, reserved 1048576K
Event: 20.485 GC heap after
Heap after GC invocations=14 (full 2):
 PSYoungGen      total 117760K, used 13310K [0x00000000e0000000, 0x00000000e8880000, 0x0000000100000000)
  eden space 104448K, 0% used [0x00000000e0000000,0x00000000e0000000,0x00000000e6600000)
  from space 13312K, 99% used [0x00000000e7600000,0x00000000e82ffbe8,0x00000000e8300000)
  to   space 16384K, 0% used [0x00000000e6600000,0x00000000e6600000,0x00000000e7600000)
 ParOldGen       total 96256K, used 22697K [0x00000000a0000000, 0x00000000a5e00000, 0x00000000e0000000)
  object space 96256K, 23% used [0x00000000a0000000,0x00000000a162a720,0x00000000a5e00000)
 Metaspace       used 52539K, capacity 54200K, committed 54272K, reserved 1095680K
  class space    used 7233K, capacity 7649K, committed 7680K, reserved 1048576K
}
Event: 24.225 GC heap before
{Heap before GC invocations=15 (full 2):
 PSYoungGen      total 117760K, used 74160K [0x00000000e0000000, 0x00000000e8880000, 0x0000000100000000)
  eden space 104448K, 58% used [0x00000000e0000000,0x00000000e3b6c488,0x00000000e6600000)
  from space 13312K, 99% used [0x00000000e7600000,0x00000000e82ffbe8,0x00000000e8300000)
  to   space 16384K, 0% used [0x00000000e6600000,0x00000000e6600000,0x00000000e7600000)
 ParOldGen       total 96256K, used 22697K [0x00000000a0000000, 0x00000000a5e00000, 0x00000000e0000000)
  object space 96256K, 23% used [0x00000000a0000000,0x00000000a162a720,0x00000000a5e00000)
 Metaspace       used 57282K, capacity 58874K, committed 59008K, reserved 1099776K
  class space    used 7838K, capacity 8244K, committed 8320K, reserved 1048576K
Event: 24.263 GC heap after
Heap after GC invocations=15 (full 2):
 PSYoungGen      total 120832K, used 16362K [0x00000000e0000000, 0x00000000ea300000, 0x0000000100000000)
  eden space 104448K, 0% used [0x00000000e0000000,0x00000000e0000000,0x00000000e6600000)
  from space 16384K, 99% used [0x00000000e6600000,0x00000000e75fa8c8,0x00000000e7600000)
  to   space 18944K, 0% used [0x00000000e9080000,0x00000000e9080000,0x00000000ea300000)
 ParOldGen       total 96256K, used 24534K [0x00000000a0000000, 0x00000000a5e00000, 0x00000000e0000000)
  object space 96256K, 25% used [0x00000000a0000000,0x00000000a17f5810,0x00000000a5e00000)
 Metaspace       used 57282K, capacity 58874K, committed 59008K, reserved 1099776K
  class space    used 7838K, capacity 8244K, committed 8320K, reserved 1048576K
}
Event: 24.263 GC heap before
{Heap before GC invocations=16 (full 3):
 PSYoungGen      total 120832K, used 16362K [0x00000000e0000000, 0x00000000ea300000, 0x0000000100000000)
  eden space 104448K, 0% used [0x00000000e0000000,0x00000000e0000000,0x00000000e6600000)
  from space 16384K, 99% used [0x00000000e6600000,0x00000000e75fa8c8,0x00000000e7600000)
  to   space 18944K, 0% used [0x00000000e9080000,0x00000000e9080000,0x00000000ea300000)
 ParOldGen       total 96256K, used 24534K [0x00000000a0000000, 0x00000000a5e00000, 0x00000000e0000000)
  object space 96256K, 25% used [0x00000000a0000000,0x00000000a17f5810,0x00000000a5e00000)
 Metaspace       used 57282K, capacity 58874K, committed 59008K, reserved 1099776K
  class space    used 7838K, capacity 8244K, committed 8320K, reserved 1048576K
Event: 24.581 GC heap after
Heap after GC invocations=16 (full 3):
 PSYoungGen      total 120832K, used 0K [0x00000000e0000000, 0x00000000ea300000, 0x0000000100000000)
  eden space 104448K, 0% used [0x00000000e0000000,0x00000000e0000000,0x00000000e6600000)
  from space 16384K, 0% used [0x00000000e6600000,0x00000000e6600000,0x00000000e7600000)
  to   space 18944K, 0% used [0x00000000e9080000,0x00000000e9080000,0x00000000ea300000)
 ParOldGen       total 143872K, used 31570K [0x00000000a0000000, 0x00000000a8c80000, 0x00000000e0000000)
  object space 143872K, 21% used [0x00000000a0000000,0x00000000a1ed4948,0x00000000a8c80000)
 Metaspace       used 57282K, capacity 58874K, committed 59008K, reserved 1099776K
  class space    used 7838K, capacity 8244K, committed 8320K, reserved 1048576K
}

