# JRE version: OpenJDK Runtime Environment (8.0_152-b02) (build 1.8.0_152-release-1024-b02)
# Java VM: OpenJDK 64-Bit Server VM (25.152-b02 mixed mode windows-amd64 compressed oops)
Heap:
 PSYoungGen      total 182784K, used 48443K [0x00000000e0000000, 0x00000000efc80000, 0x0000000100000000)
  eden space 169984K, 28% used [0x00000000e0000000,0x00000000e2f4ed80,0x00000000ea600000)
  from space 12800K, 0% used [0x00000000eba00000,0x00000000eba00000,0x00000000ec680000)
  to   space 20480K, 0% used [0x00000000ea600000,0x00000000ea600000,0x00000000eba00000)
 ParOldGen       total 89600K, used 34729K [0x00000000a0000000, 0x00000000a5780000, 0x00000000e0000000)
  object space 89600K, 38% used [0x00000000a0000000,0x00000000a21ea420,0x00000000a5780000)
 Metaspace       used 61625K, capacity 63944K, committed 64216K, reserved 1103872K
  class space    used 8376K, capacity 8885K, committed 8960K, reserved 1048576K
GC Heap History (10 events):
Event: 11.261 GC heap before
{Heap before GC invocations=9 (full 2):
 PSYoungGen      total 139264K, used 9709K [0x00000000e0000000, 0x00000000ec680000, 0x0000000100000000)
  eden space 129536K, 0% used [0x00000000e0000000,0x00000000e0000000,0x00000000e7e80000)
  from space 9728K, 99% used [0x00000000e7e80000,0x00000000e87fb500,0x00000000e8800000)
  to   space 12800K, 0% used [0x00000000eba00000,0x00000000eba00000,0x00000000ec680000)
 ParOldGen       total 55808K, used 11368K [0x00000000a0000000, 0x00000000a3680000, 0x00000000e0000000)
  object space 55808K, 20% used [0x00000000a0000000,0x00000000a0b1a2b8,0x00000000a3680000)
 Metaspace       used 34697K, capacity 35272K, committed 35416K, reserved 1079296K
  class space    used 4785K, capacity 4976K, committed 4992K, reserved 1048576K
Event: 11.373 GC heap after
Heap after GC invocations=9 (full 2):
 PSYoungGen      total 139264K, used 0K [0x00000000e0000000, 0x00000000ec680000, 0x0000000100000000)
  eden space 129536K, 0% used [0x00000000e0000000,0x00000000e0000000,0x00000000e7e80000)
  from space 9728K, 0% used [0x00000000e7e80000,0x00000000e7e80000,0x00000000e8800000)
  to   space 12800K, 0% used [0x00000000eba00000,0x00000000eba00000,0x00000000ec680000)
 ParOldGen       total 89600K, used 19331K [0x00000000a0000000, 0x00000000a5780000, 0x00000000e0000000)
  object space 89600K, 21% used [0x00000000a0000000,0x00000000a12e0e90,0x00000000a5780000)
 Metaspace       used 34697K, capacity 35272K, committed 35416K, reserved 1079296K
  class space    used 4785K, capacity 4976K, committed 4992K, reserved 1048576K
}
Event: 13.858 GC heap before
{Heap before GC invocations=10 (full 2):
 PSYoungGen      total 139264K, used 129536K [0x00000000e0000000, 0x00000000ec680000, 0x0000000100000000)
  eden space 129536K, 100% used [0x00000000e0000000,0x00000000e7e80000,0x00000000e7e80000)
  from space 9728K, 0% used [0x00000000e7e80000,0x00000000e7e80000,0x00000000e8800000)
  to   space 12800K, 0% used [0x00000000eba00000,0x00000000eba00000,0x00000000ec680000)
 ParOldGen       total 89600K, used 19331K [0x00000000a0000000, 0x00000000a5780000, 0x00000000e0000000)
  object space 89600K, 21% used [0x00000000a0000000,0x00000000a12e0e90,0x00000000a5780000)
 Metaspace       used 42950K, capacity 43872K, committed 44120K, reserved 1087488K
  class space    used 5925K, capacity 6211K, committed 6272K, reserved 1048576K
Event: 13.905 GC heap after
Heap after GC invocations=10 (full 2):
 PSYoungGen      total 188416K, used 12782K [0x00000000e0000000, 0x00000000ed900000, 0x0000000100000000)
  eden space 175616K, 0% used [0x00000000e0000000,0x00000000e0000000,0x00000000eab80000)
  from space 12800K, 99% used [0x00000000eba00000,0x00000000ec67bb60,0x00000000ec680000)
  to   space 14848K, 0% used [0x00000000eab80000,0x00000000eab80000,0x00000000eba00000)
 ParOldGen       total 89600K, used 20576K [0x00000000a0000000, 0x00000000a5780000, 0x00000000e0000000)
  object space 89600K, 22% used [0x00000000a0000000,0x00000000a1418318,0x00000000a5780000)
 Metaspace       used 42950K, capacity 43872K, committed 44120K, reserved 1087488K
  class space    used 5925K, capacity 6211K, committed 6272K, reserved 1048576K
}
Event: 20.376 GC heap before
{Heap before GC invocations=11 (full 2):
 PSYoungGen      total 188416K, used 188398K [0x00000000e0000000, 0x00000000ed900000, 0x0000000100000000)
  eden space 175616K, 100% used [0x00000000e0000000,0x00000000eab80000,0x00000000eab80000)
  from space 12800K, 99% used [0x00000000eba00000,0x00000000ec67bb60,0x00000000ec680000)
  to   space 14848K, 0% used [0x00000000eab80000,0x00000000eab80000,0x00000000eba00000)
 ParOldGen       total 89600K, used 20576K [0x00000000a0000000, 0x00000000a5780000, 0x00000000e0000000)
  object space 89600K, 22% used [0x00000000a0000000,0x00000000a1418318,0x00000000a5780000)
 Metaspace       used 54016K, capacity 55818K, committed 55896K, reserved 1097728K
  class space    used 7377K, capacity 7770K, committed 7808K, reserved 1048576K
Event: 20.421 GC heap after
Heap after GC invocations=11 (full 2):
 PSYoungGen      total 190464K, used 14838K [0x00000000e0000000, 0x00000000ed900000, 0x0000000100000000)
  eden space 175616K, 0% used [0x00000000e0000000,0x00000000e0000000,0x00000000eab80000)
  from space 14848K, 99% used [0x00000000eab80000,0x00000000eb9fdbd8,0x00000000eba00000)
  to   space 12800K, 0% used [0x00000000eba00000,0x00000000eba00000,0x00000000ec680000)
 ParOldGen       total 89600K, used 29916K [0x00000000a0000000, 0x00000000a5780000, 0x00000000e0000000)
  object space 89600K, 33% used [0x00000000a0000000,0x00000000a1d370d8,0x00000000a5780000)
 Metaspace       used 54016K, capacity 55818K, committed 55896K, reserved 1097728K
  class space    used 7377K, capacity 7770K, committed 7808K, reserved 1048576K
}
Event: 26.824 GC heap before
{Heap before GC invocations=12 (full 2):
 PSYoungGen      total 190464K, used 50231K [0x00000000e0000000, 0x00000000ed900000, 0x0000000100000000)
  eden space 175616K, 20% used [0x00000000e0000000,0x00000000e22901c0,0x00000000eab80000)
  from space 14848K, 99% used [0x00000000eab80000,0x00000000eb9fdbd8,0x00000000eba00000)
  to   space 12800K, 0% used [0x00000000eba00000,0x00000000eba00000,0x00000000ec680000)
 ParOldGen       total 89600K, used 29916K [0x00000000a0000000, 0x00000000a5780000, 0x00000000e0000000)
  object space 89600K, 33% used [0x00000000a0000000,0x00000000a1d370d8,0x00000000a5780000)
 Metaspace       used 56954K, capacity 58888K, committed 59028K, reserved 1099776K
  class space    used 7737K, capacity 8165K, committed 8192K, reserved 1048576K
Event: 26.854 GC heap after
Heap after GC invocations=12 (full 2):
 PSYoungGen      total 182784K, used 12260K [0x00000000e0000000, 0x00000000efc80000, 0x0000000100000000)
  eden space 169984K, 0% used [0x00000000e0000000,0x00000000e0000000,0x00000000ea600000)
  from space 12800K, 95% used [0x00000000eba00000,0x00000000ec5f9370,0x00000000ec680000)
  to   space 20480K, 0% used [0x00000000ea600000,0x00000000ea600000,0x00000000eba00000)
 ParOldGen       total 89600K, used 36221K [0x00000000a0000000, 0x00000000a5780000, 0x00000000e0000000)
  object space 89600K, 40% used [0x00000000a0000000,0x00000000a235f7f0,0x00000000a5780000)
 Metaspace       used 56954K, capacity 58888K, committed 59028K, reserved 1099776K
  class space    used 7737K, capacity 8165K, committed 8192K, reserved 1048576K
}
Event: 26.854 GC heap before
{Heap before GC invocations=13 (full 3):
 PSYoungGen      total 182784K, used 12260K [0x00000000e0000000, 0x00000000efc80000, 0x0000000100000000)
  eden space 169984K, 0% used [0x00000000e0000000,0x00000000e0000000,0x00000000ea600000)
  from space 12800K, 95% used [0x00000000eba00000,0x00000000ec5f9370,0x00000000ec680000)
  to   space 20480K, 0% used [0x00000000ea600000,0x00000000ea600000,0x00000000eba00000)
 ParOldGen       total 89600K, used 36221K [0x00000000a0000000, 0x00000000a5780000, 0x00000000e0000000)
  object space 89600K, 40% used [0x00000000a0000000,0x00000000a235f7f0,0x00000000a5780000)
 Metaspace       used 56954K, capacity 58888K, committed 59028K, reserved 1099776K
  class space    used 7737K, capacity 8165K, committed 8192K, reserved 1048576K
Event: 27.083 GC heap after
Heap after GC invocations=13 (full 3):
 PSYoungGen      total 182784K, used 0K [0x00000000e0000000, 0x00000000efc80000, 0x0000000100000000)
  eden space 169984K, 0% used [0x00000000e0000000,0x00000000e0000000,0x00000000ea600000)
  from space 12800K, 0% used [0x00000000eba00000,0x00000000eba00000,0x00000000ec680000)
  to   space 20480K, 0% used [0x00000000ea600000,0x00000000ea600000,0x00000000eba00000)
 ParOldGen       total 89600K, used 34729K [0x00000000a0000000, 0x00000000a5780000, 0x00000000e0000000)
  object space 89600K, 38% used [0x00000000a0000000,0x00000000a21ea420,0x00000000a5780000)
 Metaspace       used 56919K, capacity 58792K, committed 59028K, reserved 1099776K
  class space    used 7725K, capacity 8143K, committed 8192K, reserved 1048576K
}

