# JRE version: OpenJDK Runtime Environment (8.0_152-b02) (build 1.8.0_152-release-1024-b02)
# Java VM: OpenJDK 64-Bit Server VM (25.152-b02 mixed mode windows-amd64 compressed oops)
Heap:
 PSYoungGen      total 69632K, used 65172K [0x00000000e0000000, 0x00000000e6280000, 0x0000000100000000)
  eden space 59392K, 99% used [0x00000000e0000000,0x00000000e398ca58,0x00000000e3a00000)
  from space 10240K, 60% used [0x00000000e3a00000,0x00000000e40186f0,0x00000000e4400000)
  to   space 9728K, 0% used [0x00000000e5900000,0x00000000e5900000,0x00000000e6280000)
 ParOldGen       total 58368K, used 8229K [0x00000000a0000000, 0x00000000a3900000, 0x00000000e0000000)
  object space 58368K, 14% used [0x00000000a0000000,0x00000000a08095a0,0x00000000a3900000)
 Metaspace       used 33160K, capacity 33724K, committed 34048K, reserved 1079296K
  class space    used 4603K, capacity 4812K, committed 4864K, reserved 1048576K
GC Heap History (10 events):
Event: 4.764 GC heap before
{Heap before GC invocations=4 (full 0):
 PSYoungGen      total 37888K, used 37858K [0x00000000e0000000, 0x00000000e2a00000, 0x0000000100000000)
  eden space 32768K, 100% used [0x00000000e0000000,0x00000000e2000000,0x00000000e2000000)
  from space 5120K, 99% used [0x00000000e2000000,0x00000000e24f8b08,0x00000000e2500000)
  to   space 5120K, 0% used [0x00000000e2500000,0x00000000e2500000,0x00000000e2a00000)
 ParOldGen       total 86016K, used 2439K [0x00000000a0000000, 0x00000000a5400000, 0x00000000e0000000)
  object space 86016K, 2% used [0x00000000a0000000,0x00000000a0261f28,0x00000000a5400000)
 Metaspace       used 17551K, capacity 17974K, committed 18304K, reserved 1064960K
  class space    used 2502K, capacity 2637K, committed 2688K, reserved 1048576K
Event: 4.811 GC heap after
Heap after GC invocations=4 (full 0):
 PSYoungGen      total 37888K, used 5093K [0x00000000e0000000, 0x00000000e4a00000, 0x0000000100000000)
  eden space 32768K, 0% used [0x00000000e0000000,0x00000000e0000000,0x00000000e2000000)
  from space 5120K, 99% used [0x00000000e2500000,0x00000000e29f9660,0x00000000e2a00000)
  to   space 5120K, 0% used [0x00000000e2000000,0x00000000e2000000,0x00000000e2500000)
 ParOldGen       total 86016K, used 5806K [0x00000000a0000000, 0x00000000a5400000, 0x00000000e0000000)
  object space 86016K, 6% used [0x00000000a0000000,0x00000000a05aba00,0x00000000a5400000)
 Metaspace       used 17551K, capacity 17974K, committed 18304K, reserved 1064960K
  class space    used 2502K, capacity 2637K, committed 2688K, reserved 1048576K
}
Event: 5.212 GC heap before
{Heap before GC invocations=5 (full 0):
 PSYoungGen      total 37888K, used 19255K [0x00000000e0000000, 0x00000000e4a00000, 0x0000000100000000)
  eden space 32768K, 43% used [0x00000000e0000000,0x00000000e0dd4990,0x00000000e2000000)
  from space 5120K, 99% used [0x00000000e2500000,0x00000000e29f9660,0x00000000e2a00000)
  to   space 5120K, 0% used [0x00000000e2000000,0x00000000e2000000,0x00000000e2500000)
 ParOldGen       total 86016K, used 5806K [0x00000000a0000000, 0x00000000a5400000, 0x00000000e0000000)
  object space 86016K, 6% used [0x00000000a0000000,0x00000000a05aba00,0x00000000a5400000)
 Metaspace       used 20736K, capacity 21078K, committed 21248K, reserved 1067008K
  class space    used 2884K, capacity 2989K, committed 3072K, reserved 1048576K
Event: 5.231 GC heap after
Heap after GC invocations=5 (full 0):
 PSYoungGen      total 37888K, used 5093K [0x00000000e0000000, 0x00000000e5400000, 0x0000000100000000)
  eden space 32768K, 0% used [0x00000000e0000000,0x00000000e0000000,0x00000000e2000000)
  from space 5120K, 99% used [0x00000000e2000000,0x00000000e24f9650,0x00000000e2500000)
  to   space 10240K, 0% used [0x00000000e4a00000,0x00000000e4a00000,0x00000000e5400000)
 ParOldGen       total 86016K, used 8567K [0x00000000a0000000, 0x00000000a5400000, 0x00000000e0000000)
  object space 86016K, 9% used [0x00000000a0000000,0x00000000a085dc28,0x00000000a5400000)
 Metaspace       used 20736K, capacity 21078K, committed 21248K, reserved 1067008K
  class space    used 2884K, capacity 2989K, committed 3072K, reserved 1048576K
}
Event: 5.231 GC heap before
{Heap before GC invocations=6 (full 1):
 PSYoungGen      total 37888K, used 5093K [0x00000000e0000000, 0x00000000e5400000, 0x0000000100000000)
  eden space 32768K, 0% used [0x00000000e0000000,0x00000000e0000000,0x00000000e2000000)
  from space 5120K, 99% used [0x00000000e2000000,0x00000000e24f9650,0x00000000e2500000)
  to   space 10240K, 0% used [0x00000000e4a00000,0x00000000e4a00000,0x00000000e5400000)
 ParOldGen       total 86016K, used 8567K [0x00000000a0000000, 0x00000000a5400000, 0x00000000e0000000)
  object space 86016K, 9% used [0x00000000a0000000,0x00000000a085dc28,0x00000000a5400000)
 Metaspace       used 20736K, capacity 21078K, committed 21248K, reserved 1067008K
  class space    used 2884K, capacity 2989K, committed 3072K, reserved 1048576K
Event: 5.283 GC heap after
Heap after GC invocations=6 (full 1):
 PSYoungGen      total 37888K, used 0K [0x00000000e0000000, 0x00000000e5400000, 0x0000000100000000)
  eden space 32768K, 0% used [0x00000000e0000000,0x00000000e0000000,0x00000000e2000000)
  from space 5120K, 0% used [0x00000000e2000000,0x00000000e2000000,0x00000000e2500000)
  to   space 10240K, 0% used [0x00000000e4a00000,0x00000000e4a00000,0x00000000e5400000)
 ParOldGen       total 58368K, used 8213K [0x00000000a0000000, 0x00000000a3900000, 0x00000000e0000000)
  object space 58368K, 14% used [0x00000000a0000000,0x00000000a08055a0,0x00000000a3900000)
 Metaspace       used 20736K, capacity 21078K, committed 21248K, reserved 1067008K
  class space    used 2884K, capacity 2989K, committed 3072K, reserved 1048576K
}
Event: 7.313 GC heap before
{Heap before GC invocations=7 (full 1):
 PSYoungGen      total 37888K, used 32768K [0x00000000e0000000, 0x00000000e5400000, 0x0000000100000000)
  eden space 32768K, 100% used [0x00000000e0000000,0x00000000e2000000,0x00000000e2000000)
  from space 5120K, 0% used [0x00000000e2000000,0x00000000e2000000,0x00000000e2500000)
  to   space 10240K, 0% used [0x00000000e4a00000,0x00000000e4a00000,0x00000000e5400000)
 ParOldGen       total 58368K, used 8213K [0x00000000a0000000, 0x00000000a3900000, 0x00000000e0000000)
  object space 58368K, 14% used [0x00000000a0000000,0x00000000a08055a0,0x00000000a3900000)
 Metaspace       used 24000K, capacity 24390K, committed 24704K, reserved 1071104K
  class space    used 3303K, capacity 3446K, committed 3456K, reserved 1048576K
Event: 7.331 GC heap after
Heap after GC invocations=7 (full 1):
 PSYoungGen      total 56320K, used 3814K [0x00000000e0000000, 0x00000000e4e00000, 0x0000000100000000)
  eden space 52224K, 0% used [0x00000000e0000000,0x00000000e0000000,0x00000000e3300000)
  from space 4096K, 93% used [0x00000000e4a00000,0x00000000e4db9be8,0x00000000e4e00000)
  to   space 10240K, 0% used [0x00000000e3a00000,0x00000000e3a00000,0x00000000e4400000)
 ParOldGen       total 58368K, used 8221K [0x00000000a0000000, 0x00000000a3900000, 0x00000000e0000000)
  object space 58368K, 14% used [0x00000000a0000000,0x00000000a08075a0,0x00000000a3900000)
 Metaspace       used 24000K, capacity 24390K, committed 24704K, reserved 1071104K
  class space    used 3303K, capacity 3446K, committed 3456K, reserved 1048576K
}
Event: 8.590 GC heap before
{Heap before GC invocations=8 (full 1):
 PSYoungGen      total 56320K, used 56038K [0x00000000e0000000, 0x00000000e4e00000, 0x0000000100000000)
  eden space 52224K, 100% used [0x00000000e0000000,0x00000000e3300000,0x00000000e3300000)
  from space 4096K, 93% used [0x00000000e4a00000,0x00000000e4db9be8,0x00000000e4e00000)
  to   space 10240K, 0% used [0x00000000e3a00000,0x00000000e3a00000,0x00000000e4400000)
 ParOldGen       total 58368K, used 8221K [0x00000000a0000000, 0x00000000a3900000, 0x00000000e0000000)
  object space 58368K, 14% used [0x00000000a0000000,0x00000000a08075a0,0x00000000a3900000)
 Metaspace       used 27574K, capacity 28022K, committed 28416K, reserved 1073152K
  class space    used 3846K, capacity 3972K, committed 4096K, reserved 1048576K
Event: 8.611 GC heap after
Heap after GC invocations=8 (full 1):
 PSYoungGen      total 69632K, used 6241K [0x00000000e0000000, 0x00000000e6280000, 0x0000000100000000)
  eden space 59392K, 0% used [0x00000000e0000000,0x00000000e0000000,0x00000000e3a00000)
  from space 10240K, 60% used [0x00000000e3a00000,0x00000000e40186f0,0x00000000e4400000)
  to   space 9728K, 0% used [0x00000000e5900000,0x00000000e5900000,0x00000000e6280000)
 ParOldGen       total 58368K, used 8229K [0x00000000a0000000, 0x00000000a3900000, 0x00000000e0000000)
  object space 58368K, 14% used [0x00000000a0000000,0x00000000a08095a0,0x00000000a3900000)
 Metaspace       used 27574K, capacity 28022K, committed 28416K, reserved 1073152K
  class space    used 3846K, capacity 3972K, committed 4096K, reserved 1048576K
}

