# JRE version: OpenJDK Runtime Environment (8.0_152-b02) (build 1.8.0_152-release-1024-b02)
# Java VM: OpenJDK 64-Bit Server VM (25.152-b02 mixed mode windows-amd64 compressed oops)
Heap:
 PSYoungGen      total 205824K, used 127739K [0x00000000e0000000, 0x00000000eee00000, 0x0000000100000000)
  eden space 190464K, 64% used [0x00000000e0000000,0x00000000e777a208,0x00000000eba00000)
  from space 15360K, 35% used [0x00000000eba00000,0x00000000ebf44d18,0x00000000ec900000)
  to   space 15360K, 0% used [0x00000000edf00000,0x00000000edf00000,0x00000000eee00000)
 ParOldGen       total 124928K, used 36364K [0x00000000a0000000, 0x00000000a7a00000, 0x00000000e0000000)
  object space 124928K, 29% used [0x00000000a0000000,0x00000000a23831e8,0x00000000a7a00000)
 Metaspace       used 67992K, capacity 70572K, committed 70744K, reserved 1110016K
  class space    used 8775K, capacity 9341K, committed 9344K, reserved 1048576K
GC Heap History (10 events):
Event: 18.652 GC heap before
{Heap before GC invocations=14 (full 2):
 PSYoungGen      total 135168K, used 134658K [0x00000000e0000000, 0x00000000eaf80000, 0x0000000100000000)
  eden space 123392K, 100% used [0x00000000e0000000,0x00000000e7880000,0x00000000e7880000)
  from space 11776K, 95% used [0x00000000e7880000,0x00000000e83809d0,0x00000000e8400000)
  to   space 12800K, 0% used [0x00000000ea300000,0x00000000ea300000,0x00000000eaf80000)
 ParOldGen       total 79872K, used 20605K [0x00000000a0000000, 0x00000000a4e00000, 0x00000000e0000000)
  object space 79872K, 25% used [0x00000000a0000000,0x00000000a141f680,0x00000000a4e00000)
 Metaspace       used 55662K, capacity 57312K, committed 57560K, reserved 1099776K
  class space    used 7543K, capacity 7929K, committed 7936K, reserved 1048576K
Event: 18.673 GC heap after
Heap after GC invocations=14 (full 2):
 PSYoungGen      total 166912K, used 9256K [0x00000000e0000000, 0x00000000eb500000, 0x0000000100000000)
  eden space 154112K, 0% used [0x00000000e0000000,0x00000000e0000000,0x00000000e9680000)
  from space 12800K, 72% used [0x00000000ea300000,0x00000000eac0a290,0x00000000eaf80000)
  to   space 12800K, 0% used [0x00000000e9680000,0x00000000e9680000,0x00000000ea300000)
 ParOldGen       total 79872K, used 25554K [0x00000000a0000000, 0x00000000a4e00000, 0x00000000e0000000)
  object space 79872K, 31% used [0x00000000a0000000,0x00000000a18f4b80,0x00000000a4e00000)
 Metaspace       used 55662K, capacity 57312K, committed 57560K, reserved 1099776K
  class space    used 7543K, capacity 7929K, committed 7936K, reserved 1048576K
}
Event: 22.119 GC heap before
{Heap before GC invocations=15 (full 2):
 PSYoungGen      total 166912K, used 51707K [0x00000000e0000000, 0x00000000eb500000, 0x0000000100000000)
  eden space 154112K, 27% used [0x00000000e0000000,0x00000000e2974b68,0x00000000e9680000)
  from space 12800K, 72% used [0x00000000ea300000,0x00000000eac0a290,0x00000000eaf80000)
  to   space 12800K, 0% used [0x00000000e9680000,0x00000000e9680000,0x00000000ea300000)
 ParOldGen       total 79872K, used 25554K [0x00000000a0000000, 0x00000000a4e00000, 0x00000000e0000000)
  object space 79872K, 31% used [0x00000000a0000000,0x00000000a18f4b80,0x00000000a4e00000)
 Metaspace       used 57161K, capacity 58958K, committed 59028K, reserved 1099776K
  class space    used 7748K, capacity 8184K, committed 8192K, reserved 1048576K
Event: 22.137 GC heap after
Heap after GC invocations=15 (full 2):
 PSYoungGen      total 166912K, used 3209K [0x00000000e0000000, 0x00000000ed800000, 0x0000000100000000)
  eden space 154112K, 0% used [0x00000000e0000000,0x00000000e0000000,0x00000000e9680000)
  from space 12800K, 25% used [0x00000000e9680000,0x00000000e99a25f8,0x00000000ea300000)
  to   space 13312K, 0% used [0x00000000ecb00000,0x00000000ecb00000,0x00000000ed800000)
 ParOldGen       total 79872K, used 30957K [0x00000000a0000000, 0x00000000a4e00000, 0x00000000e0000000)
  object space 79872K, 38% used [0x00000000a0000000,0x00000000a1e3b758,0x00000000a4e00000)
 Metaspace       used 57161K, capacity 58958K, committed 59028K, reserved 1099776K
  class space    used 7748K, capacity 8184K, committed 8192K, reserved 1048576K
}
Event: 22.137 GC heap before
{Heap before GC invocations=16 (full 3):
 PSYoungGen      total 166912K, used 3209K [0x00000000e0000000, 0x00000000ed800000, 0x0000000100000000)
  eden space 154112K, 0% used [0x00000000e0000000,0x00000000e0000000,0x00000000e9680000)
  from space 12800K, 25% used [0x00000000e9680000,0x00000000e99a25f8,0x00000000ea300000)
  to   space 13312K, 0% used [0x00000000ecb00000,0x00000000ecb00000,0x00000000ed800000)
 ParOldGen       total 79872K, used 30957K [0x00000000a0000000, 0x00000000a4e00000, 0x00000000e0000000)
  object space 79872K, 38% used [0x00000000a0000000,0x00000000a1e3b758,0x00000000a4e00000)
 Metaspace       used 57161K, capacity 58958K, committed 59028K, reserved 1099776K
  class space    used 7748K, capacity 8184K, committed 8192K, reserved 1048576K
Event: 22.531 GC heap after
Heap after GC invocations=16 (full 3):
 PSYoungGen      total 166912K, used 0K [0x00000000e0000000, 0x00000000ed800000, 0x0000000100000000)
  eden space 154112K, 0% used [0x00000000e0000000,0x00000000e0000000,0x00000000e9680000)
  from space 12800K, 0% used [0x00000000e9680000,0x00000000e9680000,0x00000000ea300000)
  to   space 13312K, 0% used [0x00000000ecb00000,0x00000000ecb00000,0x00000000ed800000)
 ParOldGen       total 124928K, used 32553K [0x00000000a0000000, 0x00000000a7a00000, 0x00000000e0000000)
  object space 124928K, 26% used [0x00000000a0000000,0x00000000a1fca520,0x00000000a7a00000)
 Metaspace       used 57161K, capacity 58958K, committed 59028K, reserved 1099776K
  class space    used 7748K, capacity 8184K, committed 8192K, reserved 1048576K
}
Event: 41.159 GC heap before
{Heap before GC invocations=17 (full 3):
 PSYoungGen      total 166912K, used 154112K [0x00000000e0000000, 0x00000000ed800000, 0x0000000100000000)
  eden space 154112K, 100% used [0x00000000e0000000,0x00000000e9680000,0x00000000e9680000)
  from space 12800K, 0% used [0x00000000e9680000,0x00000000e9680000,0x00000000ea300000)
  to   space 13312K, 0% used [0x00000000ecb00000,0x00000000ecb00000,0x00000000ed800000)
 ParOldGen       total 124928K, used 32553K [0x00000000a0000000, 0x00000000a7a00000, 0x00000000e0000000)
  object space 124928K, 26% used [0x00000000a0000000,0x00000000a1fca520,0x00000000a7a00000)
 Metaspace       used 63919K, capacity 65980K, committed 66264K, reserved 1105920K
  class space    used 8410K, capacity 8881K, committed 8960K, reserved 1048576K
Event: 41.192 GC heap after
Heap after GC invocations=17 (full 3):
 PSYoungGen      total 197120K, used 13299K [0x00000000e0000000, 0x00000000ed800000, 0x0000000100000000)
  eden space 183808K, 0% used [0x00000000e0000000,0x00000000e0000000,0x00000000eb380000)
  from space 13312K, 99% used [0x00000000ecb00000,0x00000000ed7fce60,0x00000000ed800000)
  to   space 15360K, 0% used [0x00000000eba00000,0x00000000eba00000,0x00000000ec900000)
 ParOldGen       total 124928K, used 34371K [0x00000000a0000000, 0x00000000a7a00000, 0x00000000e0000000)
  object space 124928K, 27% used [0x00000000a0000000,0x00000000a2190c00,0x00000000a7a00000)
 Metaspace       used 63919K, capacity 65980K, committed 66264K, reserved 1105920K
  class space    used 8410K, capacity 8881K, committed 8960K, reserved 1048576K
}
Event: 180.724 GC heap before
{Heap before GC invocations=18 (full 3):
 PSYoungGen      total 197120K, used 197107K [0x00000000e0000000, 0x00000000ed800000, 0x0000000100000000)
  eden space 183808K, 100% used [0x00000000e0000000,0x00000000eb380000,0x00000000eb380000)
  from space 13312K, 99% used [0x00000000ecb00000,0x00000000ed7fce60,0x00000000ed800000)
  to   space 15360K, 0% used [0x00000000eba00000,0x00000000eba00000,0x00000000ec900000)
 ParOldGen       total 124928K, used 34371K [0x00000000a0000000, 0x00000000a7a00000, 0x00000000e0000000)
  object space 124928K, 27% used [0x00000000a0000000,0x00000000a2190c00,0x00000000a7a00000)
 Metaspace       used 67457K, capacity 69778K, committed 69976K, reserved 1110016K
  class space    used 8738K, capacity 9274K, committed 9344K, reserved 1048576K
Event: 180.745 GC heap after
Heap after GC invocations=18 (full 3):
 PSYoungGen      total 205824K, used 5395K [0x00000000e0000000, 0x00000000eee00000, 0x0000000100000000)
  eden space 190464K, 0% used [0x00000000e0000000,0x00000000e0000000,0x00000000eba00000)
  from space 15360K, 35% used [0x00000000eba00000,0x00000000ebf44d18,0x00000000ec900000)
  to   space 15360K, 0% used [0x00000000edf00000,0x00000000edf00000,0x00000000eee00000)
 ParOldGen       total 124928K, used 36364K [0x00000000a0000000, 0x00000000a7a00000, 0x00000000e0000000)
  object space 124928K, 29% used [0x00000000a0000000,0x00000000a23831e8,0x00000000a7a00000)
 Metaspace       used 67457K, capacity 69778K, committed 69976K, reserved 1110016K
  class space    used 8738K, capacity 9274K, committed 9344K, reserved 1048576K
}

