# JRE version: OpenJDK Runtime Environment (8.0_152-b02) (build 1.8.0_152-release-1024-b02)
# Java VM: OpenJDK 64-Bit Server VM (25.152-b02 mixed mode windows-amd64 compressed oops)
Heap:
 PSYoungGen      total 87552K, used 77274K [0x00000000e0000000, 0x00000000e7680000, 0x0000000100000000)
  eden space 76800K, 86% used [0x00000000e0000000,0x00000000e40f8e98,0x00000000e4b00000)
  from space 10752K, 99% used [0x00000000e4b00000,0x00000000e557dac0,0x00000000e5580000)
  to   space 12800K, 0% used [0x00000000e6a00000,0x00000000e6a00000,0x00000000e7680000)
 ParOldGen       total 101888K, used 17661K [0x00000000a0000000, 0x00000000a6380000, 0x00000000e0000000)
  object space 101888K, 17% used [0x00000000a0000000,0x00000000a113f470,0x00000000a6380000)
 Metaspace       used 49991K, capacity 51462K, committed 51800K, reserved 1093632K
  class space    used 6824K, capacity 7196K, committed 7296K, reserved 1048576K
GC Heap History (10 events):
Event: 13.342 GC heap before
{Heap before GC invocations=9 (full 1):
 PSYoungGen      total 69632K, used 65425K [0x00000000e0000000, 0x00000000e4f80000, 0x0000000100000000)
  eden space 59392K, 100% used [0x00000000e0000000,0x00000000e3a00000,0x00000000e3a00000)
  from space 10240K, 58% used [0x00000000e3a00000,0x00000000e3fe4728,0x00000000e4400000)
  to   space 9728K, 0% used [0x00000000e4600000,0x00000000e4600000,0x00000000e4f80000)
 ParOldGen       total 65536K, used 8174K [0x00000000a0000000, 0x00000000a4000000, 0x00000000e0000000)
  object space 65536K, 12% used [0x00000000a0000000,0x00000000a07fbbf8,0x00000000a4000000)
 Metaspace       used 31363K, capacity 31986K, committed 32256K, reserved 1077248K
  class space    used 4376K, capacity 4582K, committed 4608K, reserved 1048576K
Event: 13.357 GC heap after
Heap after GC invocations=9 (full 1):
 PSYoungGen      total 70656K, used 9724K [0x00000000e0000000, 0x00000000e6200000, 0x0000000100000000)
  eden space 60928K, 0% used [0x00000000e0000000,0x00000000e0000000,0x00000000e3b80000)
  from space 9728K, 99% used [0x00000000e4600000,0x00000000e4f7f140,0x00000000e4f80000)
  to   space 10752K, 0% used [0x00000000e3b80000,0x00000000e3b80000,0x00000000e4600000)
 ParOldGen       total 65536K, used 8242K [0x00000000a0000000, 0x00000000a4000000, 0x00000000e0000000)
  object space 65536K, 12% used [0x00000000a0000000,0x00000000a080ca88,0x00000000a4000000)
 Metaspace       used 31363K, capacity 31986K, committed 32256K, reserved 1077248K
  class space    used 4376K, capacity 4582K, committed 4608K, reserved 1048576K
}
Event: 13.885 GC heap before
{Heap before GC invocations=10 (full 1):
 PSYoungGen      total 70656K, used 25043K [0x00000000e0000000, 0x00000000e6200000, 0x0000000100000000)
  eden space 60928K, 25% used [0x00000000e0000000,0x00000000e0ef5c00,0x00000000e3b80000)
  from space 9728K, 99% used [0x00000000e4600000,0x00000000e4f7f140,0x00000000e4f80000)
  to   space 10752K, 0% used [0x00000000e3b80000,0x00000000e3b80000,0x00000000e4600000)
 ParOldGen       total 65536K, used 8242K [0x00000000a0000000, 0x00000000a4000000, 0x00000000e0000000)
  object space 65536K, 12% used [0x00000000a0000000,0x00000000a080ca88,0x00000000a4000000)
 Metaspace       used 34730K, capacity 35400K, committed 35416K, reserved 1079296K
  class space    used 4786K, capacity 4976K, committed 4992K, reserved 1048576K
Event: 13.914 GC heap after
Heap after GC invocations=10 (full 1):
 PSYoungGen      total 71680K, used 8676K [0x00000000e0000000, 0x00000000e6380000, 0x0000000100000000)
  eden space 60928K, 0% used [0x00000000e0000000,0x00000000e0000000,0x00000000e3b80000)
  from space 10752K, 80% used [0x00000000e3b80000,0x00000000e43f9028,0x00000000e4600000)
  to   space 11264K, 0% used [0x00000000e5880000,0x00000000e5880000,0x00000000e6380000)
 ParOldGen       total 65536K, used 8250K [0x00000000a0000000, 0x00000000a4000000, 0x00000000e0000000)
  object space 65536K, 12% used [0x00000000a0000000,0x00000000a080ea88,0x00000000a4000000)
 Metaspace       used 34730K, capacity 35400K, committed 35416K, reserved 1079296K
  class space    used 4786K, capacity 4976K, committed 4992K, reserved 1048576K
}
Event: 13.914 GC heap before
{Heap before GC invocations=11 (full 2):
 PSYoungGen      total 71680K, used 8676K [0x00000000e0000000, 0x00000000e6380000, 0x0000000100000000)
  eden space 60928K, 0% used [0x00000000e0000000,0x00000000e0000000,0x00000000e3b80000)
  from space 10752K, 80% used [0x00000000e3b80000,0x00000000e43f9028,0x00000000e4600000)
  to   space 11264K, 0% used [0x00000000e5880000,0x00000000e5880000,0x00000000e6380000)
 ParOldGen       total 65536K, used 8250K [0x00000000a0000000, 0x00000000a4000000, 0x00000000e0000000)
  object space 65536K, 12% used [0x00000000a0000000,0x00000000a080ea88,0x00000000a4000000)
 Metaspace       used 34730K, capacity 35400K, committed 35416K, reserved 1079296K
  class space    used 4786K, capacity 4976K, committed 4992K, reserved 1048576K
Event: 14.087 GC heap after
Heap after GC invocations=11 (full 2):
 PSYoungGen      total 71680K, used 0K [0x00000000e0000000, 0x00000000e6380000, 0x0000000100000000)
  eden space 60928K, 0% used [0x00000000e0000000,0x00000000e0000000,0x00000000e3b80000)
  from space 10752K, 0% used [0x00000000e3b80000,0x00000000e3b80000,0x00000000e4600000)
  to   space 11264K, 0% used [0x00000000e5880000,0x00000000e5880000,0x00000000e6380000)
 ParOldGen       total 101888K, used 15306K [0x00000000a0000000, 0x00000000a6380000, 0x00000000e0000000)
  object space 101888K, 15% used [0x00000000a0000000,0x00000000a0ef28b0,0x00000000a6380000)
 Metaspace       used 34730K, capacity 35400K, committed 35416K, reserved 1079296K
  class space    used 4786K, capacity 4976K, committed 4992K, reserved 1048576K
}
Event: 15.884 GC heap before
{Heap before GC invocations=12 (full 2):
 PSYoungGen      total 71680K, used 60928K [0x00000000e0000000, 0x00000000e6380000, 0x0000000100000000)
  eden space 60928K, 100% used [0x00000000e0000000,0x00000000e3b80000,0x00000000e3b80000)
  from space 10752K, 0% used [0x00000000e3b80000,0x00000000e3b80000,0x00000000e4600000)
  to   space 11264K, 0% used [0x00000000e5880000,0x00000000e5880000,0x00000000e6380000)
 ParOldGen       total 101888K, used 15306K [0x00000000a0000000, 0x00000000a6380000, 0x00000000e0000000)
  object space 101888K, 15% used [0x00000000a0000000,0x00000000a0ef28b0,0x00000000a6380000)
 Metaspace       used 38124K, capacity 38902K, committed 39000K, reserved 1083392K
  class space    used 5198K, capacity 5437K, committed 5504K, reserved 1048576K
Event: 15.909 GC heap after
Heap after GC invocations=12 (full 2):
 PSYoungGen      total 84480K, used 6264K [0x00000000e0000000, 0x00000000e6000000, 0x0000000100000000)
  eden space 76800K, 0% used [0x00000000e0000000,0x00000000e0000000,0x00000000e4b00000)
  from space 7680K, 81% used [0x00000000e5880000,0x00000000e5e9e0e0,0x00000000e6000000)
  to   space 10752K, 0% used [0x00000000e4b00000,0x00000000e4b00000,0x00000000e5580000)
 ParOldGen       total 101888K, used 15314K [0x00000000a0000000, 0x00000000a6380000, 0x00000000e0000000)
  object space 101888K, 15% used [0x00000000a0000000,0x00000000a0ef48b0,0x00000000a6380000)
 Metaspace       used 38124K, capacity 38902K, committed 39000K, reserved 1083392K
  class space    used 5198K, capacity 5437K, committed 5504K, reserved 1048576K
}
Event: 19.402 GC heap before
{Heap before GC invocations=13 (full 2):
 PSYoungGen      total 84480K, used 83064K [0x00000000e0000000, 0x00000000e6000000, 0x0000000100000000)
  eden space 76800K, 100% used [0x00000000e0000000,0x00000000e4b00000,0x00000000e4b00000)
  from space 7680K, 81% used [0x00000000e5880000,0x00000000e5e9e0e0,0x00000000e6000000)
  to   space 10752K, 0% used [0x00000000e4b00000,0x00000000e4b00000,0x00000000e5580000)
 ParOldGen       total 101888K, used 15314K [0x00000000a0000000, 0x00000000a6380000, 0x00000000e0000000)
  object space 101888K, 15% used [0x00000000a0000000,0x00000000a0ef48b0,0x00000000a6380000)
 Metaspace       used 46143K, capacity 47176K, committed 47320K, reserved 1089536K
  class space    used 6287K, capacity 6603K, committed 6656K, reserved 1048576K
Event: 19.460 GC heap after
Heap after GC invocations=13 (full 2):
 PSYoungGen      total 87552K, used 10742K [0x00000000e0000000, 0x00000000e7680000, 0x0000000100000000)
  eden space 76800K, 0% used [0x00000000e0000000,0x00000000e0000000,0x00000000e4b00000)
  from space 10752K, 99% used [0x00000000e4b00000,0x00000000e557dac0,0x00000000e5580000)
  to   space 12800K, 0% used [0x00000000e6a00000,0x00000000e6a00000,0x00000000e7680000)
 ParOldGen       total 101888K, used 17661K [0x00000000a0000000, 0x00000000a6380000, 0x00000000e0000000)
  object space 101888K, 17% used [0x00000000a0000000,0x00000000a113f470,0x00000000a6380000)
 Metaspace       used 46143K, capacity 47176K, committed 47320K, reserved 1089536K
  class space    used 6287K, capacity 6603K, committed 6656K, reserved 1048576K
}

